d:\users\hua'wei\source\repos\20.飞机大战\20.飞机大战\debug\vc143.pdb
d:\users\hua'wei\source\repos\20.飞机大战\20.飞机大战\debug\vc143.idb
d:\users\hua'wei\source\repos\20.飞机大战\20.飞机大战\debug\planeplane.obj
d:\users\hua'wei\source\repos\20.飞机大战\20.飞机大战\debug\planeapp.obj
d:\users\hua'wei\source\repos\20.飞机大战\20.飞机大战\debug\gunnerbox.obj
d:\users\hua'wei\source\repos\20.飞机大战\20.飞机大战\debug\gunner.obj
d:\users\hua'wei\source\repos\20.飞机大战\20.飞机大战\debug\main.obj
d:\users\hua'wei\source\repos\20.飞机大战\20.飞机大战\debug\gameconfig.obj
d:\users\hua'wei\source\repos\20.飞机大战\20.飞机大战\debug\foeplanesma.obj
d:\users\hua'wei\source\repos\20.飞机大战\20.飞机大战\debug\foeplanemid.obj
d:\users\hua'wei\source\repos\20.飞机大战\20.飞机大战\debug\foeplanebox.obj
d:\users\hua'wei\source\repos\20.飞机大战\20.飞机大战\debug\foeplanebig.obj
d:\users\hua'wei\source\repos\20.飞机大战\20.飞机大战\debug\foeplane.obj
d:\users\hua'wei\source\repos\20.飞机大战\20.飞机大战\debug\background.obj
d:\users\hua'wei\source\repos\20.飞机大战\debug\20.飞机大战.exe
d:\users\hua'wei\source\repos\20.飞机大战\20.飞机大战\debug\20.飞机大战.ilk
d:\users\hua'wei\source\repos\20.飞机大战\debug\20.飞机大战.pdb
c:\users\hua'wei\desktop\c++_planewar\planewar\20.飞机大战\debug\background.obj
c:\users\hua'wei\desktop\c++_planewar\planewar\20.飞机大战\debug\foeplane.obj
c:\users\hua'wei\desktop\c++_planewar\planewar\20.飞机大战\debug\foeplanebig.obj
c:\users\hua'wei\desktop\c++_planewar\planewar\20.飞机大战\debug\foeplanebox.obj
c:\users\hua'wei\desktop\c++_planewar\planewar\20.飞机大战\debug\foeplanemid.obj
c:\users\hua'wei\desktop\c++_planewar\planewar\20.飞机大战\debug\foeplanesma.obj
c:\users\hua'wei\desktop\c++_planewar\planewar\20.飞机大战\debug\gameconfig.obj
c:\users\hua'wei\desktop\c++_planewar\planewar\20.飞机大战\debug\gunner.obj
c:\users\hua'wei\desktop\c++_planewar\planewar\20.飞机大战\debug\gunnerbox.obj
c:\users\hua'wei\desktop\c++_planewar\planewar\20.飞机大战\debug\main.obj
c:\users\hua'wei\desktop\c++_planewar\planewar\20.飞机大战\debug\planeapp.obj
c:\users\hua'wei\desktop\c++_planewar\planewar\20.飞机大战\debug\planeplane.obj
c:\users\hua'wei\desktop\c++_planewar\planewar\20.飞机大战\debug\20.飞机大战.ilk
c:\users\hua'wei\desktop\c++_planewar\planewar\20.飞机大战\debug\vc143.idb
c:\users\hua'wei\desktop\c++_planewar\planewar\20.飞机大战\debug\vc143.pdb
c:\users\hua'wei\desktop\c++_planewar\planewar\debug\20.飞机大战.pdb
c:\users\hua'wei\desktop\c++_planewar\planewar\debug\20.飞机大战.exe
c:\users\hua'wei\desktop\c++_planewar\planewar\20.飞机大战\debug\20.飞机大战.tlog\cl.command.1.tlog
c:\users\hua'wei\desktop\c++_planewar\planewar\20.飞机大战\debug\20.飞机大战.tlog\cl.read.1.tlog
c:\users\hua'wei\desktop\c++_planewar\planewar\20.飞机大战\debug\20.飞机大战.tlog\cl.write.1.tlog
c:\users\hua'wei\desktop\c++_planewar\planewar\20.飞机大战\debug\20.飞机大战.tlog\link.command.1.tlog
c:\users\hua'wei\desktop\c++_planewar\planewar\20.飞机大战\debug\20.飞机大战.tlog\link.read.1.tlog
c:\users\hua'wei\desktop\c++_planewar\planewar\20.飞机大战\debug\20.飞机大战.tlog\link.write.1.tlog
